  Window.cpp
  Component.cpp
  Camera.cpp
  DirectionalLight.cpp
  Mesh.cpp
  PointLight.cpp
  Transform.cpp
  GameObject.cpp
d:\documents\github\lilengie\lilengie\core\src\entity\gameobject.cpp(20): warning C4018: '<': signed/unsigned mismatch
d:\documents\github\lilengie\lilengie\core\src\entity\gameobject.cpp(32): warning C4018: '<': signed/unsigned mismatch
d:\documents\github\lilengie\lilengie\core\src\entity\gameobject.cpp(40): warning C4018: '<': signed/unsigned mismatch
  ObjectManager.cpp
d:\documents\github\lilengie\lilengie\core\src\entity\objectmanager.cpp(12): warning C4018: '<': signed/unsigned mismatch
d:\documents\github\lilengie\lilengie\core\src\entity\objectmanager.cpp(20): warning C4018: '<': signed/unsigned mismatch
  Game.cpp
  LightHandler.cpp
d:\documents\github\lilengie\lilengie\core\src\graphics\lighthandler.cpp(21): warning C4018: '<': signed/unsigned mismatch
d:\documents\github\lilengie\lilengie\core\src\graphics\lighthandler.cpp(33): warning C4018: '<': signed/unsigned mismatch
  Material.cpp
c:\program files (x86)\microsoft visual studio\2017\community\vc\tools\msvc\14.14.26428\include\utility(235): warning C4244: 'initializing': conversion from 'int' to 'float', possible loss of data
  c:\program files (x86)\microsoft visual studio\2017\community\vc\tools\msvc\14.14.26428\include\xmemory0(918): note: see reference to function template instantiation 'std::pair<const _Kty,_Ty>::pair<const char*,int,0>(std::pair<const char *,int> &&) noexcept(false)' being compiled
          with
          [
              _Kty=std::string,
              _Ty=float
          ]
  c:\program files (x86)\microsoft visual studio\2017\community\vc\tools\msvc\14.14.26428\include\xmemory0(920): note: see reference to function template instantiation 'std::pair<const _Kty,_Ty>::pair<const char*,int,0>(std::pair<const char *,int> &&) noexcept(false)' being compiled
          with
          [
              _Kty=std::string,
              _Ty=float
          ]
  c:\program files (x86)\microsoft visual studio\2017\community\vc\tools\msvc\14.14.26428\include\xtree(1022): note: see reference to function template instantiation 'void std::_Default_allocator_traits<_Alloc>::construct<_Ty,std::pair<const char *,int>>(_Alloc &,_Objty *const ,std::pair<const char *,int> &&)' being compiled
          with
          [
              _Alloc=std::allocator<std::_Tree_node<std::pair<const std::string,float>,std::_Default_allocator_traits<std::allocator<std::pair<const std::string,float>>>::void_pointer>>,
              _Ty=std::pair<const std::string,float>,
              _Objty=std::pair<const std::string,float>
          ]
  c:\program files (x86)\microsoft visual studio\2017\community\vc\tools\msvc\14.14.26428\include\xtree(1029): note: see reference to function template instantiation 'void std::_Default_allocator_traits<_Alloc>::construct<_Ty,std::pair<const char *,int>>(_Alloc &,_Objty *const ,std::pair<const char *,int> &&)' being compiled
          with
          [
              _Alloc=std::allocator<std::_Tree_node<std::pair<const std::string,float>,std::_Default_allocator_traits<std::allocator<std::pair<const std::string,float>>>::void_pointer>>,
              _Ty=std::pair<const std::string,float>,
              _Objty=std::pair<const std::string,float>
          ]
  c:\program files (x86)\microsoft visual studio\2017\community\vc\tools\msvc\14.14.26428\include\xtree(1200): note: see reference to function template instantiation 'std::_Tree_node<_Ty,std::_Default_allocator_traits<_Alloc>::void_pointer> *std::_Tree_comp_alloc<_Traits>::_Buynode<std::pair<const char *,int>>(std::pair<const char *,int> &&)' being compiled
          with
          [
              _Ty=std::pair<const std::string,float>,
              _Alloc=std::allocator<std::pair<const std::string,float>>,
              _Traits=std::_Tmap_traits<std::string,float,std::less<std::string>,std::allocator<std::pair<const std::string,float>>,false>
          ]
  c:\program files (x86)\microsoft visual studio\2017\community\vc\tools\msvc\14.14.26428\include\xtree(1201): note: see reference to function template instantiation 'std::_Tree_node<_Ty,std::_Default_allocator_traits<_Alloc>::void_pointer> *std::_Tree_comp_alloc<_Traits>::_Buynode<std::pair<const char *,int>>(std::pair<const char *,int> &&)' being compiled
          with
          [
              _Ty=std::pair<const std::string,float>,
              _Alloc=std::allocator<std::pair<const std::string,float>>,
              _Traits=std::_Tmap_traits<std::string,float,std::less<std::string>,std::allocator<std::pair<const std::string,float>>,false>
          ]
  c:\program files (x86)\microsoft visual studio\2017\community\vc\tools\msvc\14.14.26428\include\map(213): note: see reference to function template instantiation 'std::pair<std::_Tree_iterator<std::_Tree_val<std::_Tree_simple_types<_Ty>>>,bool> std::_Tree<std::_Tmap_traits<_Kty,float,_Pr,_Alloc,false>>::emplace<std::pair<const char *,int>>(std::pair<const char *,int> &&)' being compiled
          with
          [
              _Ty=std::pair<const std::string,float>,
              _Kty=std::string,
              _Pr=std::less<std::string>,
              _Alloc=std::allocator<std::pair<const std::string,float>>
          ]
  c:\program files (x86)\microsoft visual studio\2017\community\vc\tools\msvc\14.14.26428\include\map(213): note: see reference to function template instantiation 'std::pair<std::_Tree_iterator<std::_Tree_val<std::_Tree_simple_types<_Ty>>>,bool> std::_Tree<std::_Tmap_traits<_Kty,float,_Pr,_Alloc,false>>::emplace<std::pair<const char *,int>>(std::pair<const char *,int> &&)' being compiled
          with
          [
              _Ty=std::pair<const std::string,float>,
              _Kty=std::string,
              _Pr=std::less<std::string>,
              _Alloc=std::allocator<std::pair<const std::string,float>>
          ]
  d:\documents\github\lilengie\lilengie\core\src\graphics\material.cpp(75): note: see reference to function template instantiation 'std::pair<std::_Tree_iterator<std::_Tree_val<std::_Tree_simple_types<_Ty>>>,bool> std::map<std::string,float,std::less<_Kty>,std::allocator<_Ty>>::insert<std::pair<const char *,int>,void>(_Valty &&)' being compiled
          with
          [
              _Ty=std::pair<const std::string,float>,
              _Kty=std::string,
              _Valty=std::pair<const char *,int>
          ]
  d:\documents\github\lilengie\lilengie\core\src\graphics\material.cpp(75): note: see reference to function template instantiation 'std::pair<std::_Tree_iterator<std::_Tree_val<std::_Tree_simple_types<_Ty>>>,bool> std::map<std::string,float,std::less<_Kty>,std::allocator<_Ty>>::insert<std::pair<const char *,int>,void>(_Valty &&)' being compiled
          with
          [
              _Ty=std::pair<const std::string,float>,
              _Kty=std::string,
              _Valty=std::pair<const char *,int>
          ]
  MaterialHandler.cpp
  MeshRenderer.cpp
  Model.cpp
  Renderer.cpp
d:\documents\github\lilengie\lilengie\core\src\graphics\renderer.cpp(55): warning C4018: '<': signed/unsigned mismatch
  Shader.cpp
  ShaderHandler.cpp
  ShaderReader.cpp
  Texture.cpp
  Generating Code...
  Compiling...
  UniformHandler.cpp
  ModelLoader.cpp
d:\documents\github\lilengie\lilengie\core\src\utilities\modelloader.cpp(106): warning C4018: '<': signed/unsigned mismatch
d:\documents\github\lilengie\lilengie\core\src\utilities\modelloader.cpp(129): warning C4018: '<': signed/unsigned mismatch
  Main.cpp
  Generating Code...
d:\documents\github\lilengie\lilengie\core\src\utilities\modelloader.cpp(87): warning C4715: 'ModelLoader::LoadOBJManual': not all control paths return a value
LINK : warning LNK4098: defaultlib 'LIBCMT' conflicts with use of other libs; use /NODEFAULTLIB:library
LINK : warning LNK4098: defaultlib 'MSVCRT' conflicts with use of other libs; use /NODEFAULTLIB:library
ModelLoader.obj : error LNK2019: unresolved external symbol "public: __thiscall Assimp::Importer::Importer(void)" (??0Importer@Assimp@@QAE@XZ) referenced in function "class Model __cdecl ModelLoader::Load(char const *)" (?Load@ModelLoader@@YA?AVModel@@PBD@Z)
ModelLoader.obj : error LNK2019: unresolved external symbol "public: __thiscall Assimp::Importer::~Importer(void)" (??1Importer@Assimp@@QAE@XZ) referenced in function "class Model __cdecl ModelLoader::Load(char const *)" (?Load@ModelLoader@@YA?AVModel@@PBD@Z)
ModelLoader.obj : error LNK2019: unresolved external symbol "public: struct aiScene const * __thiscall Assimp::Importer::ReadFile(char const *,unsigned int)" (?ReadFile@Importer@Assimp@@QAEPBUaiScene@@PBDI@Z) referenced in function "class Model __cdecl ModelLoader::Load(char const *)" (?Load@ModelLoader@@YA?AVModel@@PBD@Z)
D:\Documents\GitHub\LilEngie\bin\Debug\Win32\LilEngie.exe : fatal error LNK1120: 3 unresolved externals
